[     212ms] TypeError: Cannot read properties of undefined (reading 'onChanged')
    at http://localhost:4173/options.js:1:22251
    at Gc (http://localhost:4173/chunks/global.CzbxAXmy.js:8:91683)
    at Ol (http://localhost:4173/chunks/global.CzbxAXmy.js:8:106776)
    at Dl (http://localhost:4173/chunks/global.CzbxAXmy.js:8:106660)
    at Ol (http://localhost:4173/chunks/global.CzbxAXmy.js:8:106756)
    at Dl (http://localhost:4173/chunks/global.CzbxAXmy.js:8:106660)
    at Ol (http://localhost:4173/chunks/global.CzbxAXmy.js:8:106822)
    at Uu (http://localhost:4173/chunks/global.CzbxAXmy.js:8:119562)
    at http://localhost:4173/chunks/global.CzbxAXmy.js:8:117014
    at MessagePort.re (http://localhost:4173/chunks/global.CzbxAXmy.js:1:2298)
[     159ms] [ERROR] Failed to load resource: the server responded with a status of 404 (Not Found) @ http://localhost:4173/favicon.ico:0
[     217ms] TypeError: Cannot read properties of undefined (reading 'local')
    at R (http://localhost:4173/chunks/trial.BEHAsrdT.js:1:4764)
    at e (http://localhost:4173/options.js:1:22175)
    at http://localhost:4173/options.js:1:22206
    at Gc (http://localhost:4173/chunks/global.CzbxAXmy.js:8:91683)
    at Ol (http://localhost:4173/chunks/global.CzbxAXmy.js:8:106776)
    at Dl (http://localhost:4173/chunks/global.CzbxAXmy.js:8:106660)
    at Ol (http://localhost:4173/chunks/global.CzbxAXmy.js:8:106756)
    at Dl (http://localhost:4173/chunks/global.CzbxAXmy.js:8:106660)
    at Ol (http://localhost:4173/chunks/global.CzbxAXmy.js:8:106822)
    at Uu (http://localhost:4173/chunks/global.CzbxAXmy.js:8:119562)
[   38280ms] TypeError: Cannot read properties of undefined (reading 'onChanged')
    at http://localhost:4173/options.js:1:22251
    at Gc (http://localhost:4173/chunks/global.CzbxAXmy.js:8:91683)
    at Ol (http://localhost:4173/chunks/global.CzbxAXmy.js:8:106776)
    at Dl (http://localhost:4173/chunks/global.CzbxAXmy.js:8:106660)
    at Ol (http://localhost:4173/chunks/global.CzbxAXmy.js:8:106756)
    at Dl (http://localhost:4173/chunks/global.CzbxAXmy.js:8:106660)
    at Ol (http://localhost:4173/chunks/global.CzbxAXmy.js:8:106822)
    at Uu (http://localhost:4173/chunks/global.CzbxAXmy.js:8:119562)
    at http://localhost:4173/chunks/global.CzbxAXmy.js:8:117014
    at MessagePort.re (http://localhost:4173/chunks/global.CzbxAXmy.js:1:2298)
[   38281ms] TypeError: Cannot read properties of undefined (reading 'local')
    at R (http://localhost:4173/chunks/trial.BEHAsrdT.js:1:4764)
    at e (http://localhost:4173/options.js:1:22175)
    at http://localhost:4173/options.js:1:22206
    at Gc (http://localhost:4173/chunks/global.CzbxAXmy.js:8:91683)
    at Ol (http://localhost:4173/chunks/global.CzbxAXmy.js:8:106776)
    at Dl (http://localhost:4173/chunks/global.CzbxAXmy.js:8:106660)
    at Ol (http://localhost:4173/chunks/global.CzbxAXmy.js:8:106756)
    at Dl (http://localhost:4173/chunks/global.CzbxAXmy.js:8:106660)
    at Ol (http://localhost:4173/chunks/global.CzbxAXmy.js:8:106822)
    at Uu (http://localhost:4173/chunks/global.CzbxAXmy.js:8:119562)
